2016/05/30 11:54:07 INFO  - jmeter.util.JMeterUtils: Setting Locale to en_US 
2016/05/30 11:54:07 INFO  - jmeter.JMeter: Loading user properties from: /usr/local/Cellar/jmeter/2.12/libexec/bin/user.properties 
2016/05/30 11:54:07 INFO  - jmeter.JMeter: Loading system properties from: /usr/local/Cellar/jmeter/2.12/libexec/bin/system.properties 
2016/05/30 11:54:07 INFO  - jmeter.JMeter: Copyright (c) 1998-2014 The Apache Software Foundation 
2016/05/30 11:54:07 INFO  - jmeter.JMeter: Version 2.12 r1636949 
2016/05/30 11:54:07 INFO  - jmeter.JMeter: java.version=1.8.0_77 
2016/05/30 11:54:07 INFO  - jmeter.JMeter: java.vm.name=Java HotSpot(TM) 64-Bit Server VM 
2016/05/30 11:54:07 INFO  - jmeter.JMeter: os.name=Mac OS X 
2016/05/30 11:54:07 INFO  - jmeter.JMeter: os.arch=x86_64 
2016/05/30 11:54:07 INFO  - jmeter.JMeter: os.version=10.11.5 
2016/05/30 11:54:07 INFO  - jmeter.JMeter: file.encoding=UTF-8 
2016/05/30 11:54:07 INFO  - jmeter.JMeter: Default Locale=English (United States) 
2016/05/30 11:54:07 INFO  - jmeter.JMeter: JMeter  Locale=English (United States) 
2016/05/30 11:54:07 INFO  - jmeter.JMeter: JMeterHome=/usr/local/Cellar/jmeter/2.12/libexec 
2016/05/30 11:54:07 INFO  - jmeter.JMeter: user.dir  =/Users/thushara/Desktop/WSO2/blog_img/emailExecutor 
2016/05/30 11:54:07 INFO  - jmeter.JMeter: PWD       =/Users/thushara/Desktop/WSO2/blog_img/emailExecutor 
2016/05/30 11:54:07 INFO  - jmeter.JMeter: IP: 192.168.100.1 Name: Thusharas-MacBook-Pro.local FullName: 192.168.100.1 
2016/05/30 11:54:07 INFO  - jmeter.JMeter: Loaded icon properties from org/apache/jmeter/images/icon.properties 
2016/05/30 11:54:10 INFO  - jmeter.engine.util.CompoundVariable: Note: Function class names must contain the string: '.functions.' 
2016/05/30 11:54:10 INFO  - jmeter.engine.util.CompoundVariable: Note: Function class names must not contain the string: '.gui.' 
2016/05/30 11:54:10 INFO  - jmeter.gui.action.LookAndFeelCommand: Using look and feel: com.apple.laf.AquaLookAndFeel [Mac OS X, System] 
2016/05/30 11:54:12 INFO  - jmeter.util.BSFTestElement: Registering JMeter version of JavaScript engine as work-round for BSF-22 
2016/05/30 11:54:12 INFO  - jmeter.protocol.http.sampler.HTTPSamplerBase: Cannot find .className property for htmlParser, using default 
2016/05/30 11:54:12 INFO  - jmeter.protocol.http.sampler.HTTPSamplerBase: Parser for text/html is  
2016/05/30 11:54:12 INFO  - jmeter.protocol.http.sampler.HTTPSamplerBase: Parser for application/xhtml+xml is  
2016/05/30 11:54:12 INFO  - jmeter.protocol.http.sampler.HTTPSamplerBase: Parser for application/xml is  
2016/05/30 11:54:12 INFO  - jmeter.protocol.http.sampler.HTTPSamplerBase: Parser for text/xml is  
2016/05/30 11:54:12 INFO  - jmeter.protocol.http.sampler.HTTPSamplerBase: Parser for text/vnd.wap.wml is org.apache.jmeter.protocol.http.parser.RegexpHTMLParser 
2016/05/30 11:54:12 INFO  - jmeter.gui.util.MenuFactory: Skipping org.apache.jmeter.protocol.http.control.gui.WebServiceSamplerGui 
2016/05/30 11:54:12 INFO  - jmeter.gui.util.MenuFactory: Skipping org.apache.jmeter.protocol.http.modifier.gui.ParamModifierGui 
2016/05/30 11:54:12 INFO  - jorphan.exec.KeyToolUtils: keytool found at 'keytool' 
2016/05/30 11:54:12 INFO  - jmeter.protocol.http.proxy.ProxyControl: HTTP(S) Test Script Recorder SSL Proxy will use keys that support embedded 3rd party resources in file /usr/local/Cellar/jmeter/2.12/libexec/bin/proxyserver.jks 
2016/05/30 11:54:13 INFO  - jmeter.samplers.SampleResult: Note: Sample TimeStamps are START times 
2016/05/30 11:54:13 INFO  - jmeter.samplers.SampleResult: sampleresult.default.encoding is set to ISO-8859-1 
2016/05/30 11:54:13 INFO  - jmeter.samplers.SampleResult: sampleresult.useNanoTime=true 
2016/05/30 11:54:13 INFO  - jmeter.samplers.SampleResult: sampleresult.nanoThreadSleep=5000 
2016/05/30 11:54:29 INFO  - jmeter.services.FileServer: Default base='/Users/thushara/Desktop/WSO2/blog_img/emailExecutor' 
2016/05/30 11:54:29 INFO  - jmeter.gui.action.Load: Loading file: /Users/thushara/Desktop/WSO2/greg_working_stuff/520-preformance/jmeter_headless/jmeter_scripts/standalone/Jmeter-scripts-store-search/store_search.jmx 
2016/05/30 11:54:29 INFO  - jmeter.services.FileServer: Set new base='/Users/thushara/Desktop/WSO2/greg_working_stuff/520-preformance/jmeter_headless/jmeter_scripts/standalone/Jmeter-scripts-store-search' 
2016/05/30 11:54:29 INFO  - jmeter.save.SaveService: Testplan (JMX) version: 2.2. Testlog (JTL) version: 2.2 
2016/05/30 11:54:29 INFO  - jmeter.save.SaveService: Using SaveService properties file encoding UTF-8 
2016/05/30 11:54:29 INFO  - jmeter.save.SaveService: Using SaveService properties version 2.7 
2016/05/30 11:54:29 INFO  - jmeter.save.SaveService: Using SaveService properties file version 1618048 
2016/05/30 11:54:29 INFO  - jmeter.save.SaveService: All converter versions present and correct 
2016/05/30 11:54:29 INFO  - jmeter.services.FileServer: Set new base='/Users/thushara/Desktop/WSO2/greg_working_stuff/520-preformance/jmeter_headless/jmeter_scripts/standalone/Jmeter-scripts-store-search' 
2016/05/30 11:55:24 INFO  - jmeter.engine.StandardJMeterEngine: Listeners will be started after enabling running version 
2016/05/30 11:55:24 INFO  - jmeter.engine.StandardJMeterEngine: To revert to the earlier behaviour, define jmeterengine.startlistenerslater=false 
2016/05/30 11:55:24 INFO  - jmeter.engine.StandardJMeterEngine: Running the test! 
2016/05/30 11:55:24 INFO  - jmeter.samplers.SampleEvent: List of sample_variables: [] 
2016/05/30 11:55:24 INFO  - jmeter.samplers.SampleEvent: List of sample_variables: [] 
2016/05/30 11:55:24 INFO  - jmeter.gui.util.JMeterMenuBar: setRunning(true,*local*) 
2016/05/30 11:55:24 INFO  - jmeter.engine.StandardJMeterEngine: Starting ThreadGroup: 1 : Thread Group 
2016/05/30 11:55:24 INFO  - jmeter.engine.StandardJMeterEngine: Starting 5 threads for group Thread Group. 
2016/05/30 11:55:24 INFO  - jmeter.engine.StandardJMeterEngine: Thread will continue on error 
2016/05/30 11:55:24 INFO  - jmeter.threads.ThreadGroup: Starting thread group number 1 threads 5 ramp-up 1 perThread 200.0 delayedStart=false 
2016/05/30 11:55:24 INFO  - jmeter.threads.JMeterThread: jmeterthread.startearlier=true (see jmeter.properties) 
2016/05/30 11:55:24 INFO  - jmeter.threads.JMeterThread: Running PostProcessors in forward order 
2016/05/30 11:55:24 INFO  - jmeter.threads.JMeterThread: Thread started: Thread Group 1-1 
2016/05/30 11:55:24 INFO  - jmeter.threads.ThreadGroup: Started thread group number 1 
2016/05/30 11:55:24 INFO  - jmeter.engine.StandardJMeterEngine: All thread groups have been started 
2016/05/30 11:55:24 WARN  - jmeter.config.CSVDataSet: Empty delimiter converted to ',' 
2016/05/30 11:55:24 INFO  - jmeter.services.FileServer: Stored: asset_type.csv 
2016/05/30 11:55:24 INFO  - jmeter.services.FileServer: Stored: user-credentials.csv 
2016/05/30 11:55:24 INFO  - jmeter.threads.JMeterThread: Thread started: Thread Group 1-2 
2016/05/30 11:55:24 WARN  - jmeter.config.CSVDataSet: Empty delimiter converted to ',' 
2016/05/30 11:55:24 INFO  - jmeter.protocol.http.sampler.HTTPHCAbstractImpl: Local host = Thusharas-MacBook-Pro.local 
2016/05/30 11:55:24 INFO  - jmeter.protocol.http.sampler.HTTPHC4Impl: HTTP request retry count = 0 
2016/05/30 11:55:24 INFO  - jmeter.protocol.http.sampler.HTTPHC4Impl: Setting up HTTPS TrustAll scheme 
2016/05/30 11:55:24 INFO  - jmeter.util.JsseSSLManager: Using default SSL protocol: TLS 
2016/05/30 11:55:24 INFO  - jmeter.util.JsseSSLManager: SSL session context: per-thread 
2016/05/30 11:55:25 INFO  - jmeter.threads.JMeterThread: Thread started: Thread Group 1-3 
2016/05/30 11:55:25 WARN  - jmeter.config.CSVDataSet: Empty delimiter converted to ',' 
2016/05/30 11:55:25 INFO  - jmeter.util.SSLManager: JmeterKeyStore Location:  type JKS 
2016/05/30 11:55:25 INFO  - jmeter.util.SSLManager: KeyStore created OK 
2016/05/30 11:55:25 WARN  - jmeter.util.SSLManager: Keystore file not found, loading empty keystore 
2016/05/30 11:55:25 INFO  - jmeter.threads.JMeterThread: Thread started: Thread Group 1-4 
2016/05/30 11:55:25 WARN  - jmeter.config.CSVDataSet: Empty delimiter converted to ',' 
2016/05/30 11:55:25 INFO  - jmeter.threads.JMeterThread: Thread started: Thread Group 1-5 
2016/05/30 11:55:25 WARN  - jmeter.config.CSVDataSet: Empty delimiter converted to ',' 
2016/05/30 11:55:46 INFO  - jmeter.threads.JMeterThread: Thread is done: Thread Group 1-5 
2016/05/30 11:55:46 INFO  - jmeter.threads.JMeterThread: Thread finished: Thread Group 1-5 
2016/05/30 11:55:48 INFO  - jmeter.threads.JMeterThread: Thread is done: Thread Group 1-2 
2016/05/30 11:55:48 INFO  - jmeter.threads.JMeterThread: Thread finished: Thread Group 1-2 
2016/05/30 11:55:48 INFO  - jmeter.threads.JMeterThread: Thread is done: Thread Group 1-4 
2016/05/30 11:55:48 INFO  - jmeter.threads.JMeterThread: Thread finished: Thread Group 1-4 
2016/05/30 11:55:48 INFO  - jmeter.threads.JMeterThread: Thread is done: Thread Group 1-1 
2016/05/30 11:55:48 INFO  - jmeter.threads.JMeterThread: Thread finished: Thread Group 1-1 
2016/05/30 11:55:48 INFO  - jmeter.threads.JMeterThread: Thread is done: Thread Group 1-3 
2016/05/30 11:55:48 INFO  - jmeter.threads.JMeterThread: Thread finished: Thread Group 1-3 
2016/05/30 11:55:48 INFO  - jmeter.engine.StandardJMeterEngine: Notifying test listeners of end of test 
2016/05/30 11:55:48 INFO  - jmeter.services.FileServer: Close: user-credentials.csv 
2016/05/30 11:55:48 INFO  - jmeter.services.FileServer: Close: asset_type.csv 
2016/05/30 11:55:48 INFO  - jmeter.gui.util.JMeterMenuBar: setRunning(false,*local*) 
2016/05/30 11:59:45 INFO  - jmeter.engine.StandardJMeterEngine: Running the test! 
2016/05/30 11:59:45 INFO  - jmeter.samplers.SampleEvent: List of sample_variables: [] 
2016/05/30 11:59:45 INFO  - jmeter.gui.util.JMeterMenuBar: setRunning(true,*local*) 
2016/05/30 11:59:45 INFO  - jmeter.engine.StandardJMeterEngine: Starting ThreadGroup: 1 : Thread Group 
2016/05/30 11:59:45 INFO  - jmeter.engine.StandardJMeterEngine: Starting 5 threads for group Thread Group. 
2016/05/30 11:59:45 INFO  - jmeter.engine.StandardJMeterEngine: Thread will continue on error 
2016/05/30 11:59:45 INFO  - jmeter.threads.ThreadGroup: Starting thread group number 1 threads 5 ramp-up 1 perThread 200.0 delayedStart=false 
2016/05/30 11:59:45 INFO  - jmeter.threads.JMeterThread: Thread started: Thread Group 1-1 
2016/05/30 11:59:45 WARN  - jmeter.config.CSVDataSet: Empty delimiter converted to ',' 
2016/05/30 11:59:45 INFO  - jmeter.services.FileServer: Stored: asset_type.csv 
2016/05/30 11:59:45 INFO  - jmeter.services.FileServer: Stored: user-credentials.csv 
2016/05/30 11:59:45 INFO  - jmeter.threads.ThreadGroup: Started thread group number 1 
2016/05/30 11:59:45 INFO  - jmeter.engine.StandardJMeterEngine: All thread groups have been started 
2016/05/30 11:59:45 INFO  - jmeter.threads.JMeterThread: Thread started: Thread Group 1-2 
2016/05/30 11:59:45 WARN  - jmeter.config.CSVDataSet: Empty delimiter converted to ',' 
2016/05/30 11:59:46 INFO  - jmeter.threads.JMeterThread: Thread started: Thread Group 1-3 
2016/05/30 11:59:46 WARN  - jmeter.config.CSVDataSet: Empty delimiter converted to ',' 
2016/05/30 11:59:46 INFO  - jmeter.threads.JMeterThread: Thread started: Thread Group 1-4 
2016/05/30 11:59:46 WARN  - jmeter.config.CSVDataSet: Empty delimiter converted to ',' 
2016/05/30 11:59:46 INFO  - jmeter.threads.JMeterThread: Thread started: Thread Group 1-5 
2016/05/30 11:59:46 WARN  - jmeter.config.CSVDataSet: Empty delimiter converted to ',' 
2016/05/30 12:00:01 INFO  - jmeter.threads.JMeterThread: Thread is done: Thread Group 1-5 
2016/05/30 12:00:01 INFO  - jmeter.threads.JMeterThread: Thread finished: Thread Group 1-5 
2016/05/30 12:00:02 INFO  - jmeter.threads.JMeterThread: Thread is done: Thread Group 1-1 
2016/05/30 12:00:02 INFO  - jmeter.threads.JMeterThread: Thread finished: Thread Group 1-1 
2016/05/30 12:00:02 INFO  - jmeter.threads.JMeterThread: Thread is done: Thread Group 1-2 
2016/05/30 12:00:02 INFO  - jmeter.threads.JMeterThread: Thread finished: Thread Group 1-2 
2016/05/30 12:00:02 INFO  - jmeter.threads.JMeterThread: Thread is done: Thread Group 1-3 
2016/05/30 12:00:02 INFO  - jmeter.threads.JMeterThread: Thread finished: Thread Group 1-3 
2016/05/30 12:00:02 INFO  - jmeter.threads.JMeterThread: Thread is done: Thread Group 1-4 
2016/05/30 12:00:02 INFO  - jmeter.threads.JMeterThread: Thread finished: Thread Group 1-4 
2016/05/30 12:00:02 INFO  - jmeter.engine.StandardJMeterEngine: Notifying test listeners of end of test 
2016/05/30 12:00:02 INFO  - jmeter.services.FileServer: Close: user-credentials.csv 
2016/05/30 12:00:02 INFO  - jmeter.services.FileServer: Close: asset_type.csv 
2016/05/30 12:00:02 INFO  - jmeter.gui.util.JMeterMenuBar: setRunning(false,*local*) 
2016/05/30 12:33:59 INFO  - jmeter.engine.StandardJMeterEngine: Running the test! 
2016/05/30 12:33:59 INFO  - jmeter.samplers.SampleEvent: List of sample_variables: [] 
2016/05/30 12:33:59 INFO  - jmeter.gui.util.JMeterMenuBar: setRunning(true,*local*) 
2016/05/30 12:33:59 INFO  - jmeter.engine.StandardJMeterEngine: Starting ThreadGroup: 1 : Thread Group 
2016/05/30 12:33:59 INFO  - jmeter.engine.StandardJMeterEngine: Starting 5 threads for group Thread Group. 
2016/05/30 12:33:59 INFO  - jmeter.engine.StandardJMeterEngine: Thread will continue on error 
2016/05/30 12:33:59 INFO  - jmeter.threads.ThreadGroup: Starting thread group number 1 threads 5 ramp-up 1 perThread 200.0 delayedStart=false 
2016/05/30 12:33:59 INFO  - jmeter.threads.ThreadGroup: Started thread group number 1 
2016/05/30 12:33:59 INFO  - jmeter.engine.StandardJMeterEngine: All thread groups have been started 
2016/05/30 12:33:59 INFO  - jmeter.threads.JMeterThread: Thread started: Thread Group 1-1 
2016/05/30 12:33:59 WARN  - jmeter.config.CSVDataSet: Empty delimiter converted to ',' 
2016/05/30 12:33:59 INFO  - jmeter.services.FileServer: Stored: asset_type.csv 
2016/05/30 12:33:59 INFO  - jmeter.services.FileServer: Stored: user-credentials.csv 
2016/05/30 12:34:00 INFO  - jmeter.threads.JMeterThread: Thread started: Thread Group 1-2 
2016/05/30 12:34:00 WARN  - jmeter.config.CSVDataSet: Empty delimiter converted to ',' 
2016/05/30 12:34:00 INFO  - jmeter.threads.JMeterThread: Thread started: Thread Group 1-3 
2016/05/30 12:34:00 WARN  - jmeter.config.CSVDataSet: Empty delimiter converted to ',' 
2016/05/30 12:34:00 INFO  - jmeter.threads.JMeterThread: Thread started: Thread Group 1-4 
2016/05/30 12:34:00 WARN  - jmeter.config.CSVDataSet: Empty delimiter converted to ',' 
2016/05/30 12:34:00 INFO  - jmeter.threads.JMeterThread: Thread started: Thread Group 1-5 
2016/05/30 12:34:00 WARN  - jmeter.config.CSVDataSet: Empty delimiter converted to ',' 
2016/05/30 12:34:18 INFO  - jmeter.threads.JMeterThread: Thread is done: Thread Group 1-5 
2016/05/30 12:34:18 INFO  - jmeter.threads.JMeterThread: Thread finished: Thread Group 1-5 
2016/05/30 12:34:19 INFO  - jmeter.threads.JMeterThread: Thread is done: Thread Group 1-2 
2016/05/30 12:34:19 INFO  - jmeter.threads.JMeterThread: Thread finished: Thread Group 1-2 
2016/05/30 12:34:20 INFO  - jmeter.threads.JMeterThread: Thread is done: Thread Group 1-4 
2016/05/30 12:34:20 INFO  - jmeter.threads.JMeterThread: Thread finished: Thread Group 1-4 
2016/05/30 12:34:20 INFO  - jmeter.threads.JMeterThread: Thread is done: Thread Group 1-3 
2016/05/30 12:34:20 INFO  - jmeter.threads.JMeterThread: Thread finished: Thread Group 1-3 
2016/05/30 12:34:20 INFO  - jmeter.threads.JMeterThread: Thread is done: Thread Group 1-1 
2016/05/30 12:34:20 INFO  - jmeter.threads.JMeterThread: Thread finished: Thread Group 1-1 
2016/05/30 12:34:20 INFO  - jmeter.engine.StandardJMeterEngine: Notifying test listeners of end of test 
2016/05/30 12:34:20 INFO  - jmeter.services.FileServer: Close: user-credentials.csv 
2016/05/30 12:34:20 INFO  - jmeter.services.FileServer: Close: asset_type.csv 
2016/05/30 12:34:20 INFO  - jmeter.gui.util.JMeterMenuBar: setRunning(false,*local*) 
